Ivy Default Cache set to: /root/.ivy2/cache
The jars for the packages stored in: /root/.ivy2/jars
:: loading settings :: url = jar:file:/home/ourui/spark-2.3.1-bin-hadoop2.7/jars/ivy-2.4.0.jar!/org/apache/ivy/core/settings/ivysettings.xml
databricks#spark-deep-learning added as a dependency
:: resolving dependencies :: org.apache.spark#spark-submit-parent-315ce689-d460-403c-8b6c-9b02af9c338f;1.0
	confs: [default]
	found databricks#spark-deep-learning;1.2.0-spark2.3-s_2.11 in spark-packages
	found databricks#tensorframes;0.5.0-s_2.11 in spark-packages
	found org.apache.commons#commons-proxy;1.0 in central
	found org.apache.commons#commons-lang3;3.4 in central
	found com.typesafe.scala-logging#scala-logging-api_2.11;2.1.2 in central
	found com.typesafe.scala-logging#scala-logging-slf4j_2.11;2.1.2 in central
	found org.scala-lang#scala-reflect;2.11.0 in central
	found org.slf4j#slf4j-api;1.7.7 in central
	found org.tensorflow#tensorflow;1.10.0 in central
	found org.tensorflow#libtensorflow;1.10.0 in central
	found org.tensorflow#libtensorflow_jni;1.10.0 in central
:: resolution report :: resolve 299ms :: artifacts dl 6ms
	:: modules in use:
	com.typesafe.scala-logging#scala-logging-api_2.11;2.1.2 from central in [default]
	com.typesafe.scala-logging#scala-logging-slf4j_2.11;2.1.2 from central in [default]
	databricks#spark-deep-learning;1.2.0-spark2.3-s_2.11 from spark-packages in [default]
	databricks#tensorframes;0.5.0-s_2.11 from spark-packages in [default]
	org.apache.commons#commons-lang3;3.4 from central in [default]
	org.apache.commons#commons-proxy;1.0 from central in [default]
	org.scala-lang#scala-reflect;2.11.0 from central in [default]
	org.slf4j#slf4j-api;1.7.7 from central in [default]
	org.tensorflow#libtensorflow;1.10.0 from central in [default]
	org.tensorflow#libtensorflow_jni;1.10.0 from central in [default]
	org.tensorflow#tensorflow;1.10.0 from central in [default]
	---------------------------------------------------------------------
	|                  |            modules            ||   artifacts   |
	|       conf       | number| search|dwnlded|evicted|| number|dwnlded|
	---------------------------------------------------------------------
	|      default     |   11  |   0   |   0   |   0   ||   11  |   0   |
	---------------------------------------------------------------------
:: retrieving :: org.apache.spark#spark-submit-parent-315ce689-d460-403c-8b6c-9b02af9c338f
	confs: [default]
	0 artifacts copied, 11 already retrieved (0kB/7ms)
18/10/19 19:33:13 WARN NativeCodeLoader: Unable to load native-hadoop library for your platform... using builtin-java classes where applicable
Using TensorFlow backend.
2018-10-19 19:33:23.812417: I tensorflow/core/platform/cpu_feature_guard.cc:141] Your CPU supports instructions that this TensorFlow binary was not compiled to use: SSE4.1 SSE4.2 AVX AVX2 AVX512F FMA
18/10/19 19:33:28 WARN BLAS: Failed to load implementation from: com.github.fommil.netlib.NativeSystemBLAS
18/10/19 19:33:28 WARN BLAS: Failed to load implementation from: com.github.fommil.netlib.NativeRefBLAS
training model
+----------+-----+
|prediction|label|
+----------+-----+
|0.0       |1    |
|1.0       |1    |
|1.0       |1    |
|0.0       |1    |
|1.0       |1    |
|0.0       |1    |
|0.0       |1    |
|0.0       |1    |
|1.0       |1    |
|0.0       |0    |
|0.0       |0    |
|1.0       |0    |
|0.0       |0    |
|0.0       |0    |
|0.0       |0    |
+----------+-----+

Training set accuracy = 0.6
+--------------------+--------------------+-----+----------+
|               image|         probability|label|prediction|
+--------------------+--------------------+-----+----------+
|[file:/home/ourui...|[0.87242536791873...|    1|       0.0|
|[file:/home/ourui...|[0.40819652655147...|    1|       1.0|
|[file:/home/ourui...|[0.25126852024319...|    1|       1.0|
|[file:/home/ourui...|[0.65557504667308...|    1|       0.0|
|[file:/home/ourui...|[0.01494305449881...|    1|       1.0|
|[file:/home/ourui...|[0.99073894811579...|    1|       0.0|
|[file:/home/ourui...|[0.92010787569350...|    1|       0.0|
|[file:/home/ourui...|[0.80298908555374...|    1|       0.0|
|[file:/home/ourui...|[0.41923500859028...|    1|       1.0|
|[file:/home/ourui...|[0.95852572530041...|    0|       0.0|
|[file:/home/ourui...|[0.55105998535040...|    0|       0.0|
|[file:/home/ourui...|[0.16360924656374...|    0|       1.0|
|[file:/home/ourui...|[0.98994837582064...|    0|       0.0|
|[file:/home/ourui...|[0.89925587178241...|    0|       0.0|
|[file:/home/ourui...|[0.99793824750551...|    0|       0.0|
+--------------------+--------------------+-----+----------+

training model
+----------+-----+
|prediction|label|
+----------+-----+
|1.0       |1    |
|0.0       |1    |
|0.0       |1    |
|1.0       |1    |
|1.0       |1    |
|1.0       |1    |
|1.0       |1    |
|1.0       |1    |
|0.0       |0    |
|1.0       |0    |
|0.0       |0    |
|1.0       |0    |
|0.0       |0    |
|1.0       |0    |
|1.0       |0    |
|1.0       |0    |
|0.0       |0    |
+----------+-----+

Training set accuracy = 0.5882352941176471
+--------------------+--------------------+-----+----------+
|               image|         probability|label|prediction|
+--------------------+--------------------+-----+----------+
|[file:/home/ourui...|[0.03858926081057...|    1|       1.0|
|[file:/home/ourui...|[0.98098390663148...|    1|       0.0|
|[file:/home/ourui...|[0.60176504993953...|    1|       0.0|
|[file:/home/ourui...|[0.24586825101695...|    1|       1.0|
|[file:/home/ourui...|[0.28697470461323...|    1|       1.0|
|[file:/home/ourui...|[0.01814404529855...|    1|       1.0|
|[file:/home/ourui...|[0.10539762495238...|    1|       1.0|
|[file:/home/ourui...|[0.30833143842477...|    1|       1.0|
|[file:/home/ourui...|[0.90969505619439...|    0|       0.0|
|[file:/home/ourui...|[0.33267214665351...|    0|       1.0|
|[file:/home/ourui...|[0.75938657850931...|    0|       0.0|
|[file:/home/ourui...|[0.16279445325874...|    0|       1.0|
|[file:/home/ourui...|[0.99250348870035...|    0|       0.0|
|[file:/home/ourui...|[0.36179029306836...|    0|       1.0|
|[file:/home/ourui...|[0.20563173425404...|    0|       1.0|
|[file:/home/ourui...|[0.30130204458659...|    0|       1.0|
|[file:/home/ourui...|[0.75862349813434...|    0|       0.0|
+--------------------+--------------------+-----+----------+

training model
+----------+-----+
|prediction|label|
+----------+-----+
|1.0       |1    |
|0.0       |1    |
|1.0       |1    |
|1.0       |1    |
|0.0       |1    |
|1.0       |1    |
|0.0       |0    |
|1.0       |0    |
|0.0       |0    |
|0.0       |0    |
|0.0       |0    |
|0.0       |0    |
|0.0       |0    |
+----------+-----+

Training set accuracy = 0.7692307692307693
+--------------------+--------------------+-----+----------+
|               image|         probability|label|prediction|
+--------------------+--------------------+-----+----------+
|[file:/home/ourui...|[0.10084388962058...|    1|       1.0|
|[file:/home/ourui...|[0.88609077911694...|    1|       0.0|
|[file:/home/ourui...|[0.11898153173885...|    1|       1.0|
|[file:/home/ourui...|[0.26716390884230...|    1|       1.0|
|[file:/home/ourui...|[0.67147529420014...|    1|       0.0|
|[file:/home/ourui...|[0.03407920536581...|    1|       1.0|
|[file:/home/ourui...|[0.68288292358408...|    0|       0.0|
|[file:/home/ourui...|[0.18321263202558...|    0|       1.0|
|[file:/home/ourui...|[0.88108905280580...|    0|       0.0|
|[file:/home/ourui...|[0.97968583993345...|    0|       0.0|
|[file:/home/ourui...|[0.91205083575837...|    0|       0.0|
|[file:/home/ourui...|[0.85979557713750...|    0|       0.0|
|[file:/home/ourui...|[0.99742195806740...|    0|       0.0|
+--------------------+--------------------+-----+----------+

training model
+----------+-----+
|prediction|label|
+----------+-----+
|0.0       |1    |
|0.0       |1    |
|1.0       |1    |
|1.0       |1    |
|1.0       |1    |
|0.0       |1    |
|1.0       |1    |
|0.0       |1    |
|0.0       |0    |
|1.0       |0    |
|0.0       |0    |
|0.0       |0    |
|0.0       |0    |
|1.0       |0    |
|0.0       |0    |
|0.0       |0    |
|0.0       |0    |
|0.0       |0    |
+----------+-----+

Training set accuracy = 0.6666666666666666
+--------------------+--------------------+-----+----------+
|               image|         probability|label|prediction|
+--------------------+--------------------+-----+----------+
|[file:/home/ourui...|[0.80446514991036...|    1|       0.0|
|[file:/home/ourui...|[0.97201288357935...|    1|       0.0|
|[file:/home/ourui...|[0.33283951910596...|    1|       1.0|
|[file:/home/ourui...|[0.09640779840784...|    1|       1.0|
|[file:/home/ourui...|[0.01169228727563...|    1|       1.0|
|[file:/home/ourui...|[0.98418078964194...|    1|       0.0|
|[file:/home/ourui...|[0.38138005930632...|    1|       1.0|
|[file:/home/ourui...|[0.95802526627168...|    1|       0.0|
|[file:/home/ourui...|[0.58733856590587...|    0|       0.0|
|[file:/home/ourui...|[0.01044262827934...|    0|       1.0|
|[file:/home/ourui...|[0.79024710310516...|    0|       0.0|
|[file:/home/ourui...|[0.95751782629127...|    0|       0.0|
|[file:/home/ourui...|[0.62883640446913...|    0|       0.0|
|[file:/home/ourui...|[0.05784710646738...|    0|       1.0|
|[file:/home/ourui...|[0.98604552639734...|    0|       0.0|
|[file:/home/ourui...|[0.97510317803354...|    0|       0.0|
|[file:/home/ourui...|[0.89278463170516...|    0|       0.0|
|[file:/home/ourui...|[0.58364494239950...|    0|       0.0|
+--------------------+--------------------+-----+----------+

training model
+----------+-----+
|prediction|label|
+----------+-----+
|1.0       |1    |
|1.0       |1    |
|1.0       |1    |
|0.0       |1    |
|1.0       |1    |
|1.0       |1    |
|0.0       |1    |
|1.0       |1    |
|0.0       |1    |
|0.0       |0    |
|1.0       |0    |
|0.0       |0    |
|0.0       |0    |
|0.0       |0    |
|0.0       |0    |
|0.0       |0    |
|1.0       |0    |
|0.0       |0    |
+----------+-----+

Training set accuracy = 0.7222222222222222
+--------------------+--------------------+-----+----------+
|               image|         probability|label|prediction|
+--------------------+--------------------+-----+----------+
|[file:/home/ourui...|[0.24582645831325...|    1|       1.0|
|[file:/home/ourui...|[0.35441601581143...|    1|       1.0|
|[file:/home/ourui...|[0.23688459996096...|    1|       1.0|
|[file:/home/ourui...|[0.54869718975975...|    1|       0.0|
|[file:/home/ourui...|[0.23403149713774...|    1|       1.0|
|[file:/home/ourui...|[0.22167708522589...|    1|       1.0|
|[file:/home/ourui...|[0.66514454448065...|    1|       0.0|
|[file:/home/ourui...|[0.19986314610007...|    1|       1.0|
|[file:/home/ourui...|[0.68577731631630...|    1|       0.0|
|[file:/home/ourui...|[0.91022672669584...|    0|       0.0|
|[file:/home/ourui...|[0.28549435563111...|    0|       1.0|
|[file:/home/ourui...|[0.88913790655848...|    0|       0.0|
|[file:/home/ourui...|[0.59701847883171...|    0|       0.0|
|[file:/home/ourui...|[0.70036037799069...|    0|       0.0|
|[file:/home/ourui...|[0.82326482849445...|    0|       0.0|
|[file:/home/ourui...|[0.56981621658028...|    0|       0.0|
|[file:/home/ourui...|[0.18261630531041...|    0|       1.0|
|[file:/home/ourui...|[0.89359620426425...|    0|       0.0|
+--------------------+--------------------+-----+----------+

training model
+----------+-----+
|prediction|label|
+----------+-----+
|1.0       |1    |
|1.0       |1    |
|1.0       |1    |
|1.0       |1    |
|1.0       |1    |
|1.0       |0    |
|0.0       |0    |
|1.0       |0    |
|1.0       |0    |
|0.0       |0    |
|1.0       |0    |
+----------+-----+

Training set accuracy = 0.6363636363636364
+--------------------+--------------------+-----+----------+
|               image|         probability|label|prediction|
+--------------------+--------------------+-----+----------+
|[file:/home/ourui...|[0.21146718363319...|    1|       1.0|
|[file:/home/ourui...|[0.04720189722337...|    1|       1.0|
|[file:/home/ourui...|[0.09799718174997...|    1|       1.0|
|[file:/home/ourui...|[0.12222580974640...|    1|       1.0|
|[file:/home/ourui...|[0.10231323552760...|    1|       1.0|
|[file:/home/ourui...|[0.19780808430477...|    0|       1.0|
|[file:/home/ourui...|[0.98408513815415...|    0|       0.0|
|[file:/home/ourui...|[0.18914708898748...|    0|       1.0|
|[file:/home/ourui...|[0.27279874816887...|    0|       1.0|
|[file:/home/ourui...|[0.81723542406296...|    0|       0.0|
|[file:/home/ourui...|[0.35239956986033...|    0|       1.0|
+--------------------+--------------------+-----+----------+

training model
+----------+-----+
|prediction|label|
+----------+-----+
|0.0       |1    |
|1.0       |1    |
|1.0       |1    |
|1.0       |1    |
|1.0       |1    |
|1.0       |1    |
|0.0       |0    |
|1.0       |0    |
|0.0       |0    |
|0.0       |0    |
|1.0       |0    |
|0.0       |0    |
|0.0       |0    |
+----------+-----+

Training set accuracy = 0.7692307692307693
+--------------------+--------------------+-----+----------+
|               image|         probability|label|prediction|
+--------------------+--------------------+-----+----------+
|[file:/home/ourui...|[0.90826817303951...|    1|       0.0|
|[file:/home/ourui...|[0.36284777761772...|    1|       1.0|
|[file:/home/ourui...|[0.37648542656824...|    1|       1.0|
|[file:/home/ourui...|[0.41767734892843...|    1|       1.0|
|[file:/home/ourui...|[0.13688286122879...|    1|       1.0|
|[file:/home/ourui...|[0.20496281590979...|    1|       1.0|
|[file:/home/ourui...|[0.72253127549116...|    0|       0.0|
|[file:/home/ourui...|[0.24483696534105...|    0|       1.0|
|[file:/home/ourui...|[0.54293071342552...|    0|       0.0|
|[file:/home/ourui...|[0.97769271301825...|    0|       0.0|
|[file:/home/ourui...|[0.43805561244567...|    0|       1.0|
|[file:/home/ourui...|[0.60944492724222...|    0|       0.0|
|[file:/home/ourui...|[0.84002713562448...|    0|       0.0|
+--------------------+--------------------+-----+----------+

training model
+----------+-----+
|prediction|label|
+----------+-----+
|1.0       |1    |
|1.0       |1    |
|1.0       |1    |
|0.0       |1    |
|0.0       |0    |
|1.0       |0    |
|1.0       |0    |
|0.0       |0    |
|1.0       |0    |
|1.0       |0    |
|0.0       |0    |
|1.0       |0    |
|0.0       |0    |
|0.0       |0    |
+----------+-----+

Training set accuracy = 0.5714285714285714
+--------------------+--------------------+-----+----------+
|               image|         probability|label|prediction|
+--------------------+--------------------+-----+----------+
|[file:/home/ourui...|[0.24054139171170...|    1|       1.0|
|[file:/home/ourui...|[0.23500753459014...|    1|       1.0|
|[file:/home/ourui...|[0.12648349187919...|    1|       1.0|
|[file:/home/ourui...|[0.70244941919531...|    1|       0.0|
|[file:/home/ourui...|[0.64194447064453...|    0|       0.0|
|[file:/home/ourui...|[0.41617709712707...|    0|       1.0|
|[file:/home/ourui...|[0.26278775889655...|    0|       1.0|
|[file:/home/ourui...|[0.95835873959985...|    0|       0.0|
|[file:/home/ourui...|[0.25239533404501...|    0|       1.0|
|[file:/home/ourui...|[0.26737364474274...|    0|       1.0|
|[file:/home/ourui...|[0.90919113707302...|    0|       0.0|
|[file:/home/ourui...|[0.41033827134206...|    0|       1.0|
|[file:/home/ourui...|[0.60739933959545...|    0|       0.0|
|[file:/home/ourui...|[0.78014999929451...|    0|       0.0|
+--------------------+--------------------+-----+----------+

training model
+----------+-----+
|prediction|label|
+----------+-----+
|1.0       |1    |
|0.0       |1    |
|1.0       |1    |
|0.0       |1    |
|1.0       |1    |
|0.0       |1    |
|0.0       |1    |
|0.0       |1    |
|1.0       |1    |
|1.0       |1    |
|1.0       |0    |
|0.0       |0    |
|0.0       |0    |
+----------+-----+

Training set accuracy = 0.5384615384615384
+--------------------+--------------------+-----+----------+
|               image|         probability|label|prediction|
+--------------------+--------------------+-----+----------+
|[file:/home/ourui...|[0.08354957656751...|    1|       1.0|
|[file:/home/ourui...|[0.75670150340910...|    1|       0.0|
|[file:/home/ourui...|[0.32870265874628...|    1|       1.0|
|[file:/home/ourui...|[0.55449823846074...|    1|       0.0|
|[file:/home/ourui...|[0.35126162883308...|    1|       1.0|
|[file:/home/ourui...|[0.55812855724978...|    1|       0.0|
|[file:/home/ourui...|[0.54670722830219...|    1|       0.0|
|[file:/home/ourui...|[0.59384642740686...|    1|       0.0|
|[file:/home/ourui...|[0.35095064073106...|    1|       1.0|
|[file:/home/ourui...|[0.33433971319865...|    1|       1.0|
|[file:/home/ourui...|[0.17128326712713...|    0|       1.0|
|[file:/home/ourui...|[0.78357457839947...|    0|       0.0|
|[file:/home/ourui...|[0.93156131782107...|    0|       0.0|
+--------------------+--------------------+-----+----------+

training model
+----------+-----+
|prediction|label|
+----------+-----+
|1.0       |1    |
|1.0       |1    |
|1.0       |1    |
|1.0       |1    |
|0.0       |1    |
|1.0       |0    |
|1.0       |0    |
|0.0       |0    |
|1.0       |0    |
|1.0       |0    |
|1.0       |0    |
|1.0       |0    |
|1.0       |0    |
|1.0       |0    |
|1.0       |0    |
|1.0       |0    |
|1.0       |0    |
|1.0       |0    |
+----------+-----+

Training set accuracy = 0.2777777777777778
+--------------------+--------------------+-----+----------+
|               image|         probability|label|prediction|
+--------------------+--------------------+-----+----------+
|[file:/home/ourui...|[0.08355844969305...|    1|       1.0|
|[file:/home/ourui...|[0.18270784041188...|    1|       1.0|
|[file:/home/ourui...|[0.11068539991850...|    1|       1.0|
|[file:/home/ourui...|[0.20052058301326...|    1|       1.0|
|[file:/home/ourui...|[0.94441361936379...|    1|       0.0|
|[file:/home/ourui...|[0.07999341285524...|    0|       1.0|
|[file:/home/ourui...|[0.22797832847632...|    0|       1.0|
|[file:/home/ourui...|[0.97067259401952...|    0|       0.0|
|[file:/home/ourui...|[0.12536269686895...|    0|       1.0|
|[file:/home/ourui...|[0.29645674848152...|    0|       1.0|
|[file:/home/ourui...|[0.09070984012248...|    0|       1.0|
|[file:/home/ourui...|[0.08711598497815...|    0|       1.0|
|[file:/home/ourui...|[0.11718306179474...|    0|       1.0|
|[file:/home/ourui...|[0.13632633442269...|    0|       1.0|
|[file:/home/ourui...|[0.15460484126600...|    0|       1.0|
|[file:/home/ourui...|[0.09890173368520...|    0|       1.0|
|[file:/home/ourui...|[0.16195427085701...|    0|       1.0|
|[file:/home/ourui...|[0.15511568033033...|    0|       1.0|
+--------------------+--------------------+-----+----------+

training model
+----------+-----+
|prediction|label|
+----------+-----+
|1.0       |1    |
|1.0       |1    |
|0.0       |1    |
|1.0       |1    |
|1.0       |1    |
|1.0       |0    |
|0.0       |0    |
|0.0       |0    |
|0.0       |0    |
|0.0       |0    |
+----------+-----+

Training set accuracy = 0.8
+--------------------+--------------------+-----+----------+
|               image|         probability|label|prediction|
+--------------------+--------------------+-----+----------+
|[file:/home/ourui...|[0.45534808636407...|    1|       1.0|
|[file:/home/ourui...|[0.47344902989571...|    1|       1.0|
|[file:/home/ourui...|[0.53593098199643...|    1|       0.0|
|[file:/home/ourui...|[0.41527452744113...|    1|       1.0|
|[file:/home/ourui...|[0.44330332151151...|    1|       1.0|
|[file:/home/ourui...|[0.44377924917159...|    0|       1.0|
|[file:/home/ourui...|[0.58204077311328...|    0|       0.0|
|[file:/home/ourui...|[0.50250188463381...|    0|       0.0|
|[file:/home/ourui...|[0.50124125142498...|    0|       0.0|
|[file:/home/ourui...|[0.50488603012057...|    0|       0.0|
+--------------------+--------------------+-----+----------+

training model
+----------+-----+
|prediction|label|
+----------+-----+
|1.0       |1    |
|1.0       |1    |
|1.0       |1    |
|1.0       |1    |
|1.0       |1    |
|1.0       |0    |
|1.0       |0    |
|1.0       |0    |
|1.0       |0    |
|1.0       |0    |
|1.0       |0    |
|1.0       |0    |
+----------+-----+

Training set accuracy = 0.4166666666666667
+--------------------+--------------------+-----+----------+
|               image|         probability|label|prediction|
+--------------------+--------------------+-----+----------+
|[file:/home/ourui...|[0.43639045046445...|    1|       1.0|
|[file:/home/ourui...|[0.43612025743974...|    1|       1.0|
|[file:/home/ourui...|[0.41432549618176...|    1|       1.0|
|[file:/home/ourui...|[0.40546062780078...|    1|       1.0|
|[file:/home/ourui...|[0.41623587732465...|    1|       1.0|
|[file:/home/ourui...|[0.43701882761160...|    0|       1.0|
|[file:/home/ourui...|[0.42088862066824...|    0|       1.0|
|[file:/home/ourui...|[0.40569611182935...|    0|       1.0|
|[file:/home/ourui...|[0.41188975429110...|    0|       1.0|
|[file:/home/ourui...|[0.42221394599105...|    0|       1.0|
|[file:/home/ourui...|[0.43684925287403...|    0|       1.0|
|[file:/home/ourui...|[0.41149486305498...|    0|       1.0|
+--------------------+--------------------+-----+----------+

training model
+----------+-----+
|prediction|label|
+----------+-----+
|1.0       |1    |
|1.0       |1    |
|0.0       |1    |
|1.0       |1    |
|1.0       |0    |
|0.0       |0    |
|0.0       |0    |
+----------+-----+

Training set accuracy = 0.7142857142857143
+--------------------+--------------------+-----+----------+
|               image|         probability|label|prediction|
+--------------------+--------------------+-----+----------+
|[file:/home/ourui...|[0.37167914992675...|    1|       1.0|
|[file:/home/ourui...|[0.00961907515147...|    1|       1.0|
|[file:/home/ourui...|[0.60200414707406...|    1|       0.0|
|[file:/home/ourui...|[0.48730527937985...|    1|       1.0|
|[file:/home/ourui...|[0.43884231525942...|    0|       1.0|
|[file:/home/ourui...|[0.98228371508961...|    0|       0.0|
|[file:/home/ourui...|[0.78820738970961...|    0|       0.0|
+--------------------+--------------------+-----+----------+

training model
+----------+-----+
|prediction|label|
+----------+-----+
|1.0       |1    |
|0.0       |1    |
|1.0       |1    |
|1.0       |1    |
|1.0       |0    |
|0.0       |0    |
|0.0       |0    |
|0.0       |0    |
+----------+-----+

Training set accuracy = 0.75
+--------------------+--------------------+-----+----------+
|               image|         probability|label|prediction|
+--------------------+--------------------+-----+----------+
|[file:/home/ourui...|[0.01796164083210...|    1|       1.0|
|[file:/home/ourui...|[0.87731762975534...|    1|       0.0|
|[file:/home/ourui...|[0.35155959271081...|    1|       1.0|
|[file:/home/ourui...|[0.20217992817954...|    1|       1.0|
|[file:/home/ourui...|[0.39576221538447...|    0|       1.0|
|[file:/home/ourui...|[0.83175648827221...|    0|       0.0|
|[file:/home/ourui...|[0.76505092075323...|    0|       0.0|
|[file:/home/ourui...|[0.93864191252495...|    0|       0.0|
+--------------------+--------------------+-----+----------+

training model
+----------+-----+
|prediction|label|
+----------+-----+
|1.0       |1    |
|1.0       |1    |
|1.0       |1    |
|1.0       |1    |
|1.0       |0    |
|1.0       |0    |
|1.0       |0    |
|0.0       |0    |
|0.0       |0    |
|0.0       |0    |
|0.0       |0    |
|0.0       |0    |
+----------+-----+

Training set accuracy = 0.75
+--------------------+--------------------+-----+----------+
|               image|         probability|label|prediction|
+--------------------+--------------------+-----+----------+
|[file:/home/ourui...|[0.15406302212549...|    1|       1.0|
|[file:/home/ourui...|[0.42475204143266...|    1|       1.0|
|[file:/home/ourui...|[0.02906571879193...|    1|       1.0|
|[file:/home/ourui...|[0.28671176431553...|    1|       1.0|
|[file:/home/ourui...|[0.14493227627290...|    0|       1.0|
|[file:/home/ourui...|[0.20140515458639...|    0|       1.0|
|[file:/home/ourui...|[0.02852389542395...|    0|       1.0|
|[file:/home/ourui...|[0.96428479240184...|    0|       0.0|
|[file:/home/ourui...|[0.91859562643955...|    0|       0.0|
|[file:/home/ourui...|[0.70193627334417...|    0|       0.0|
|[file:/home/ourui...|[0.67869213368094...|    0|       0.0|
|[file:/home/ourui...|[0.96269960557412...|    0|       0.0|
+--------------------+--------------------+-----+----------+

training model
+----------+-----+
|prediction|label|
+----------+-----+
|1.0       |1    |
|1.0       |1    |
|0.0       |1    |
|1.0       |1    |
|1.0       |0    |
|0.0       |0    |
|0.0       |0    |
|1.0       |0    |
|0.0       |0    |
+----------+-----+

Training set accuracy = 0.6666666666666666
+--------------------+--------------------+-----+----------+
|               image|         probability|label|prediction|
+--------------------+--------------------+-----+----------+
|[file:/home/ourui...|[0.22258160351122...|    1|       1.0|
|[file:/home/ourui...|[0.02494488536551...|    1|       1.0|
|[file:/home/ourui...|[0.62735329972404...|    1|       0.0|
|[file:/home/ourui...|[0.44432994936246...|    1|       1.0|
|[file:/home/ourui...|[0.12954103212087...|    0|       1.0|
|[file:/home/ourui...|[0.82146611598393...|    0|       0.0|
|[file:/home/ourui...|[0.99766081325273...|    0|       0.0|
|[file:/home/ourui...|[0.11227423718809...|    0|       1.0|
|[file:/home/ourui...|[0.99509273709443...|    0|       0.0|
+--------------------+--------------------+-----+----------+

training model
+----------+-----+
|prediction|label|
+----------+-----+
|1.0       |1    |
|1.0       |1    |
|1.0       |1    |
|1.0       |1    |
|0.0       |1    |
|1.0       |1    |
|0.0       |1    |
|1.0       |1    |
|1.0       |1    |
|1.0       |1    |
|1.0       |0    |
|0.0       |0    |
|0.0       |0    |
|1.0       |0    |
|0.0       |0    |
|0.0       |0    |
|0.0       |0    |
|0.0       |0    |
+----------+-----+

Training set accuracy = 0.7777777777777778
+--------------------+--------------------+-----+----------+
|               image|         probability|label|prediction|
+--------------------+--------------------+-----+----------+
|[file:/home/ourui...|[0.41114004433928...|    1|       1.0|
|[file:/home/ourui...|[0.19815287516502...|    1|       1.0|
|[file:/home/ourui...|[0.09292922134687...|    1|       1.0|
|[file:/home/ourui...|[0.09651946348572...|    1|       1.0|
|[file:/home/ourui...|[0.69716439209271...|    1|       0.0|
|[file:/home/ourui...|[0.25290710567935...|    1|       1.0|
|[file:/home/ourui...|[0.70564727771756...|    1|       0.0|
|[file:/home/ourui...|[0.40043313489296...|    1|       1.0|
|[file:/home/ourui...|[0.14809521408856...|    1|       1.0|
|[file:/home/ourui...|[0.38292615896866...|    1|       1.0|
|[file:/home/ourui...|[0.48551417561994...|    0|       1.0|
|[file:/home/ourui...|[0.51039780828057...|    0|       0.0|
|[file:/home/ourui...|[0.66672490662683...|    0|       0.0|
|[file:/home/ourui...|[0.23851019112646...|    0|       1.0|
|[file:/home/ourui...|[0.51029411039106...|    0|       0.0|
|[file:/home/ourui...|[0.84797257367446...|    0|       0.0|
|[file:/home/ourui...|[0.95553410890516...|    0|       0.0|
|[file:/home/ourui...|[0.58129374521283...|    0|       0.0|
+--------------------+--------------------+-----+----------+

training model
+----------+-----+
|prediction|label|
+----------+-----+
|1.0       |1    |
|0.0       |1    |
|0.0       |1    |
|0.0       |0    |
|0.0       |0    |
|0.0       |0    |
|0.0       |0    |
|0.0       |0    |
|0.0       |0    |
+----------+-----+

Training set accuracy = 0.7777777777777778
+--------------------+--------------------+-----+----------+
|               image|         probability|label|prediction|
+--------------------+--------------------+-----+----------+
|[file:/home/ourui...|[0.01829502805234...|    1|       1.0|
|[file:/home/ourui...|[0.66091106014085...|    1|       0.0|
|[file:/home/ourui...|[0.52630539162986...|    1|       0.0|
|[file:/home/ourui...|[0.71197254363717...|    0|       0.0|
|[file:/home/ourui...|[0.65444947593651...|    0|       0.0|
|[file:/home/ourui...|[0.96057856809271...|    0|       0.0|
|[file:/home/ourui...|[0.61031190070786...|    0|       0.0|
|[file:/home/ourui...|[0.94683896612858...|    0|       0.0|
|[file:/home/ourui...|[0.91528666908724...|    0|       0.0|
+--------------------+--------------------+-----+----------+

training model
+----------+-----+
|prediction|label|
+----------+-----+
|0.0       |1    |
|1.0       |1    |
|1.0       |1    |
|1.0       |1    |
|1.0       |1    |
|0.0       |1    |
|0.0       |0    |
|1.0       |0    |
|1.0       |0    |
|0.0       |0    |
|0.0       |0    |
|0.0       |0    |
|1.0       |0    |
+----------+-----+

Training set accuracy = 0.6153846153846154
+--------------------+--------------------+-----+----------+
|               image|         probability|label|prediction|
+--------------------+--------------------+-----+----------+
|[file:/home/ourui...|[0.61014289943985...|    1|       0.0|
|[file:/home/ourui...|[0.32565832911295...|    1|       1.0|
|[file:/home/ourui...|[0.11124539000544...|    1|       1.0|
|[file:/home/ourui...|[0.03965249121251...|    1|       1.0|
|[file:/home/ourui...|[0.22263309170100...|    1|       1.0|
|[file:/home/ourui...|[0.70524500061421...|    1|       0.0|
|[file:/home/ourui...|[0.76966729400517...|    0|       0.0|
|[file:/home/ourui...|[0.34857972520208...|    0|       1.0|
|[file:/home/ourui...|[0.40876776193491...|    0|       1.0|
|[file:/home/ourui...|[0.75890311826247...|    0|       0.0|
|[file:/home/ourui...|[0.75821681334573...|    0|       0.0|
|[file:/home/ourui...|[0.62853709686341...|    0|       0.0|
|[file:/home/ourui...|[0.47636063918485...|    0|       1.0|
+--------------------+--------------------+-----+----------+

training model
+----------+-----+
|prediction|label|
+----------+-----+
|0.0       |1    |
|1.0       |1    |
|0.0       |1    |
|1.0       |1    |
|1.0       |1    |
|0.0       |1    |
|0.0       |1    |
|0.0       |1    |
|1.0       |1    |
|0.0       |1    |
|1.0       |0    |
|1.0       |0    |
|0.0       |0    |
|0.0       |0    |
|0.0       |0    |
|0.0       |0    |
+----------+-----+

Training set accuracy = 0.5
+--------------------+--------------------+-----+----------+
|               image|         probability|label|prediction|
+--------------------+--------------------+-----+----------+
|[file:/home/ourui...|[0.55424100608342...|    1|       0.0|
|[file:/home/ourui...|[0.17413349296181...|    1|       1.0|
|[file:/home/ourui...|[0.92366343577473...|    1|       0.0|
|[file:/home/ourui...|[0.36798549063086...|    1|       1.0|
|[file:/home/ourui...|[0.27094463148059...|    1|       1.0|
|[file:/home/ourui...|[0.53569877743427...|    1|       0.0|
|[file:/home/ourui...|[0.52722850062188...|    1|       0.0|
|[file:/home/ourui...|[0.62520572374042...|    1|       0.0|
|[file:/home/ourui...|[0.32419603431419...|    1|       1.0|
|[file:/home/ourui...|[0.70842695898640...|    1|       0.0|
|[file:/home/ourui...|[0.40216084062036...|    0|       1.0|
|[file:/home/ourui...|[0.48556729739723...|    0|       1.0|
|[file:/home/ourui...|[0.66508321361713...|    0|       0.0|
|[file:/home/ourui...|[0.83990359162602...|    0|       0.0|
|[file:/home/ourui...|[0.85567577778840...|    0|       0.0|
|[file:/home/ourui...|[0.90747625209849...|    0|       0.0|
+--------------------+--------------------+-----+----------+

training model
+----------+-----+
|prediction|label|
+----------+-----+
|1.0       |1    |
|1.0       |1    |
|1.0       |1    |
|1.0       |1    |
|0.0       |1    |
|1.0       |1    |
|1.0       |1    |
|1.0       |0    |
|0.0       |0    |
|1.0       |0    |
|1.0       |0    |
|0.0       |0    |
|1.0       |0    |
|1.0       |0    |
+----------+-----+

Training set accuracy = 0.5714285714285714
+--------------------+--------------------+-----+----------+
|               image|         probability|label|prediction|
+--------------------+--------------------+-----+----------+
|[file:/home/ourui...|[0.19476066221122...|    1|       1.0|
|[file:/home/ourui...|[0.26483209943323...|    1|       1.0|
|[file:/home/ourui...|[0.21399168523110...|    1|       1.0|
|[file:/home/ourui...|[0.23275875433442...|    1|       1.0|
|[file:/home/ourui...|[0.66527606418931...|    1|       0.0|
|[file:/home/ourui...|[0.42352262716455...|    1|       1.0|
|[file:/home/ourui...|[0.49028356933319...|    1|       1.0|
|[file:/home/ourui...|[0.48652932015542...|    0|       1.0|
|[file:/home/ourui...|[0.50787660449884...|    0|       0.0|
|[file:/home/ourui...|[0.40503035954279...|    0|       1.0|
|[file:/home/ourui...|[0.29000416220580...|    0|       1.0|
|[file:/home/ourui...|[0.92136285130557...|    0|       0.0|
|[file:/home/ourui...|[0.28423762505878...|    0|       1.0|
|[file:/home/ourui...|[0.49917094689467...|    0|       1.0|
+--------------------+--------------------+-----+----------+

training model
+----------+-----+
|prediction|label|
+----------+-----+
|1.0       |1    |
|0.0       |1    |
|1.0       |1    |
|1.0       |1    |
|1.0       |1    |
|1.0       |1    |
|0.0       |1    |
|1.0       |1    |
|0.0       |0    |
|1.0       |0    |
|1.0       |0    |
|0.0       |0    |
|0.0       |0    |
|0.0       |0    |
|0.0       |0    |
+----------+-----+

Training set accuracy = 0.7333333333333333
+--------------------+--------------------+-----+----------+
|               image|         probability|label|prediction|
+--------------------+--------------------+-----+----------+
|[file:/home/ourui...|[0.41439781733567...|    1|       1.0|
|[file:/home/ourui...|[0.62882414090418...|    1|       0.0|
|[file:/home/ourui...|[0.24234992829417...|    1|       1.0|
|[file:/home/ourui...|[0.43868839018379...|    1|       1.0|
|[file:/home/ourui...|[0.49583530479796...|    1|       1.0|
|[file:/home/ourui...|[0.45276889595805...|    1|       1.0|
|[file:/home/ourui...|[0.56724160840926...|    1|       0.0|
|[file:/home/ourui...|[0.28992947437027...|    1|       1.0|
|[file:/home/ourui...|[0.58057309780039...|    0|       0.0|
|[file:/home/ourui...|[0.40687919502338...|    0|       1.0|
|[file:/home/ourui...|[0.38158554738217...|    0|       1.0|
|[file:/home/ourui...|[0.65872398575600...|    0|       0.0|
|[file:/home/ourui...|[0.52948390475434...|    0|       0.0|
|[file:/home/ourui...|[0.72074954558183...|    0|       0.0|
|[file:/home/ourui...|[0.66040182854159...|    0|       0.0|
+--------------------+--------------------+-----+----------+

training model
+----------+-----+
|prediction|label|
+----------+-----+
|0.0       |1    |
|0.0       |1    |
|0.0       |1    |
|0.0       |1    |
|0.0       |1    |
|0.0       |1    |
|0.0       |1    |
|0.0       |1    |
|0.0       |1    |
|0.0       |0    |
|0.0       |0    |
|0.0       |0    |
|0.0       |0    |
+----------+-----+

Training set accuracy = 0.3076923076923077
+--------------------+--------------------+-----+----------+
|               image|         probability|label|prediction|
+--------------------+--------------------+-----+----------+
|[file:/home/ourui...|[0.62763117202971...|    1|       0.0|
|[file:/home/ourui...|[0.51254176797604...|    1|       0.0|
|[file:/home/ourui...|[0.68716389654293...|    1|       0.0|
|[file:/home/ourui...|[0.68422575126184...|    1|       0.0|
|[file:/home/ourui...|[0.63039357413130...|    1|       0.0|
|[file:/home/ourui...|[0.62125051856292...|    1|       0.0|
|[file:/home/ourui...|[0.56477925992354...|    1|       0.0|
|[file:/home/ourui...|[0.63135729609042...|    1|       0.0|
|[file:/home/ourui...|[0.59321096881433...|    1|       0.0|
|[file:/home/ourui...|[0.67680597851933...|    0|       0.0|
|[file:/home/ourui...|[0.69518562460362...|    0|       0.0|
|[file:/home/ourui...|[0.67319803380605...|    0|       0.0|
|[file:/home/ourui...|[0.68687103841061...|    0|       0.0|
+--------------------+--------------------+-----+----------+

training model
+----------+-----+
|prediction|label|
+----------+-----+
|1.0       |1    |
|1.0       |0    |
|1.0       |0    |
|1.0       |0    |
|1.0       |0    |
|1.0       |0    |
|1.0       |0    |
|1.0       |0    |
+----------+-----+

Training set accuracy = 0.125
+--------------------+--------------------+-----+----------+
|               image|         probability|label|prediction|
+--------------------+--------------------+-----+----------+
|[file:/home/ourui...|[0.34782608695652...|    1|       1.0|
|[file:/home/ourui...|[0.34782608695652...|    0|       1.0|
|[file:/home/ourui...|[0.34782608695652...|    0|       1.0|
|[file:/home/ourui...|[0.34782608695652...|    0|       1.0|
|[file:/home/ourui...|[0.34782608695652...|    0|       1.0|
|[file:/home/ourui...|[0.34782608695652...|    0|       1.0|
|[file:/home/ourui...|[0.34782608695652...|    0|       1.0|
|[file:/home/ourui...|[0.34782608695652...|    0|       1.0|
+--------------------+--------------------+-----+----------+

training model
+----------+-----+
|prediction|label|
+----------+-----+
|1.0       |1    |
|1.0       |1    |
|1.0       |1    |
|1.0       |1    |
|1.0       |0    |
|0.0       |0    |
|0.0       |0    |
|0.0       |0    |
|1.0       |0    |
|0.0       |0    |
+----------+-----+

Training set accuracy = 0.8
+--------------------+--------------------+-----+----------+
|               image|         probability|label|prediction|
+--------------------+--------------------+-----+----------+
|[file:/home/ourui...|[0.02055034793870...|    1|       1.0|
|[file:/home/ourui...|[0.46745101101093...|    1|       1.0|
|[file:/home/ourui...|[0.03296260501386...|    1|       1.0|
|[file:/home/ourui...|[0.01363246623317...|    1|       1.0|
|[file:/home/ourui...|[0.08920648635816...|    0|       1.0|
|[file:/home/ourui...|[0.98759259364670...|    0|       0.0|
|[file:/home/ourui...|[0.88081921051789...|    0|       0.0|
|[file:/home/ourui...|[0.97794438437797...|    0|       0.0|
|[file:/home/ourui...|[0.29565863448235...|    0|       1.0|
|[file:/home/ourui...|[0.90606665876299...|    0|       0.0|
+--------------------+--------------------+-----+----------+

training model
+----------+-----+
|prediction|label|
+----------+-----+
|0.0       |1    |
|1.0       |1    |
|0.0       |1    |
|1.0       |1    |
|1.0       |1    |
|1.0       |1    |
|0.0       |1    |
|1.0       |0    |
|0.0       |0    |
|0.0       |0    |
|0.0       |0    |
|0.0       |0    |
+----------+-----+

Training set accuracy = 0.6666666666666666
+--------------------+--------------------+-----+----------+
|               image|         probability|label|prediction|
+--------------------+--------------------+-----+----------+
|[file:/home/ourui...|[0.58816034053082...|    1|       0.0|
|[file:/home/ourui...|[0.17007470826719...|    1|       1.0|
|[file:/home/ourui...|[0.58411280627679...|    1|       0.0|
|[file:/home/ourui...|[0.47682593377565...|    1|       1.0|
|[file:/home/ourui...|[0.02441488413238...|    1|       1.0|
|[file:/home/ourui...|[0.11093469638563...|    1|       1.0|
|[file:/home/ourui...|[0.93574038391004...|    1|       0.0|
|[file:/home/ourui...|[0.07805930674780...|    0|       1.0|
|[file:/home/ourui...|[0.99817890590422...|    0|       0.0|
|[file:/home/ourui...|[0.56439688429538...|    0|       0.0|
|[file:/home/ourui...|[0.93817208596117...|    0|       0.0|
|[file:/home/ourui...|[0.98534602766592...|    0|       0.0|
+--------------------+--------------------+-----+----------+

training model
+----------+-----+
|prediction|label|
+----------+-----+
|1.0       |1    |
|1.0       |1    |
|1.0       |1    |
|1.0       |1    |
|1.0       |1    |
|1.0       |0    |
|0.0       |0    |
|1.0       |0    |
|1.0       |0    |
|0.0       |0    |
|0.0       |0    |
|0.0       |0    |
|1.0       |0    |
+----------+-----+

Training set accuracy = 0.6923076923076923
+--------------------+--------------------+-----+----------+
|               image|         probability|label|prediction|
+--------------------+--------------------+-----+----------+
|[file:/home/ourui...|[0.05845962977281...|    1|       1.0|
|[file:/home/ourui...|[0.25912943024876...|    1|       1.0|
|[file:/home/ourui...|[0.00482514728935...|    1|       1.0|
|[file:/home/ourui...|[0.00691304262541...|    1|       1.0|
|[file:/home/ourui...|[0.17547977210952...|    1|       1.0|
|[file:/home/ourui...|[0.28953105903401...|    0|       1.0|
|[file:/home/ourui...|[0.55298174799928...|    0|       0.0|
|[file:/home/ourui...|[0.38264374083049...|    0|       1.0|
|[file:/home/ourui...|[0.12226287007680...|    0|       1.0|
|[file:/home/ourui...|[0.52933965392437...|    0|       0.0|
|[file:/home/ourui...|[0.99859450311709...|    0|       0.0|
|[file:/home/ourui...|[0.99979278048448...|    0|       0.0|
|[file:/home/ourui...|[0.02408875220975...|    0|       1.0|
+--------------------+--------------------+-----+----------+

training model
+----------+-----+
|prediction|label|
+----------+-----+
|1.0       |1    |
|1.0       |1    |
|1.0       |1    |
|1.0       |1    |
|0.0       |0    |
|0.0       |0    |
|1.0       |0    |
|0.0       |0    |
|0.0       |0    |
|0.0       |0    |
|0.0       |0    |
|1.0       |0    |
+----------+-----+

Training set accuracy = 0.8333333333333334
+--------------------+--------------------+-----+----------+
|               image|         probability|label|prediction|
+--------------------+--------------------+-----+----------+
|[file:/home/ourui...|[0.00684276808147...|    1|       1.0|
|[file:/home/ourui...|[0.00633938512994...|    1|       1.0|
|[file:/home/ourui...|[0.21572924117664...|    1|       1.0|
|[file:/home/ourui...|[0.06006906245118...|    1|       1.0|
|[file:/home/ourui...|[0.51123010204680...|    0|       0.0|
|[file:/home/ourui...|[0.85922744921959...|    0|       0.0|
|[file:/home/ourui...|[0.16685369662443...|    0|       1.0|
|[file:/home/ourui...|[0.94666649994386...|    0|       0.0|
|[file:/home/ourui...|[0.99124547921495...|    0|       0.0|
|[file:/home/ourui...|[0.78686726581542...|    0|       0.0|
|[file:/home/ourui...|[0.72097591216391...|    0|       0.0|
|[file:/home/ourui...|[0.19913114586516...|    0|       1.0|
+--------------------+--------------------+-----+----------+

training model
+----------+-----+
|prediction|label|
+----------+-----+
|0.0       |1    |
|1.0       |1    |
|1.0       |1    |
|0.0       |0    |
|1.0       |0    |
|1.0       |0    |
|0.0       |0    |
|1.0       |0    |
|0.0       |0    |
|0.0       |0    |
+----------+-----+

Training set accuracy = 0.6
+--------------------+--------------------+-----+----------+
|               image|         probability|label|prediction|
+--------------------+--------------------+-----+----------+
|[file:/home/ourui...|[0.74869575937839...|    1|       0.0|
|[file:/home/ourui...|[0.13138672388553...|    1|       1.0|
|[file:/home/ourui...|[0.03929561737131...|    1|       1.0|
|[file:/home/ourui...|[0.81061739405702...|    0|       0.0|
|[file:/home/ourui...|[0.32024983319101...|    0|       1.0|
|[file:/home/ourui...|[0.27552133348715...|    0|       1.0|
|[file:/home/ourui...|[0.89780694078638...|    0|       0.0|
|[file:/home/ourui...|[0.34080541134338...|    0|       1.0|
|[file:/home/ourui...|[0.98687471098142...|    0|       0.0|
|[file:/home/ourui...|[0.71732792620912...|    0|       0.0|
+--------------------+--------------------+-----+----------+

training model
+----------+-----+
|prediction|label|
+----------+-----+
|1.0       |1    |
|1.0       |1    |
|1.0       |1    |
|1.0       |1    |
|0.0       |0    |
|1.0       |0    |
|1.0       |0    |
|1.0       |0    |
|1.0       |0    |
|0.0       |0    |
+----------+-----+

Training set accuracy = 0.6
+--------------------+--------------------+-----+----------+
|               image|         probability|label|prediction|
+--------------------+--------------------+-----+----------+
|[file:/home/ourui...|[0.07962767720844...|    1|       1.0|
|[file:/home/ourui...|[0.20837774863557...|    1|       1.0|
|[file:/home/ourui...|[0.12854030181168...|    1|       1.0|
|[file:/home/ourui...|[0.05327173349030...|    1|       1.0|
|[file:/home/ourui...|[0.86606596630880...|    0|       0.0|
|[file:/home/ourui...|[0.15914073715313...|    0|       1.0|
|[file:/home/ourui...|[0.18836255344323...|    0|       1.0|
|[file:/home/ourui...|[0.40581135586817...|    0|       1.0|
|[file:/home/ourui...|[0.37907149022879...|    0|       1.0|
|[file:/home/ourui...|[0.82925807771637...|    0|       0.0|
+--------------------+--------------------+-----+----------+

training model
+----------+-----+
|prediction|label|
+----------+-----+
|0.0       |1    |
|0.0       |1    |
|1.0       |1    |
|1.0       |1    |
|0.0       |1    |
|0.0       |1    |
|0.0       |1    |
|0.0       |0    |
|1.0       |0    |
|0.0       |0    |
|0.0       |0    |
|0.0       |0    |
|0.0       |0    |
+----------+-----+

Training set accuracy = 0.5384615384615384
+--------------------+--------------------+-----+----------+
|               image|         probability|label|prediction|
+--------------------+--------------------+-----+----------+
|[file:/home/ourui...|[0.63428065026098...|    1|       0.0|
|[file:/home/ourui...|[0.52266876873927...|    1|       0.0|
|[file:/home/ourui...|[0.49529769305289...|    1|       1.0|
|[file:/home/ourui...|[0.18320315883582...|    1|       1.0|
|[file:/home/ourui...|[0.52571054317690...|    1|       0.0|
|[file:/home/ourui...|[0.74984121839053...|    1|       0.0|
|[file:/home/ourui...|[0.65350464113944...|    1|       0.0|
|[file:/home/ourui...|[0.88718115506054...|    0|       0.0|
|[file:/home/ourui...|[0.23052050077897...|    0|       1.0|
|[file:/home/ourui...|[0.98860424401345...|    0|       0.0|
|[file:/home/ourui...|[0.90480914202498...|    0|       0.0|
|[file:/home/ourui...|[0.95739823114850...|    0|       0.0|
|[file:/home/ourui...|[0.79640311277094...|    0|       0.0|
+--------------------+--------------------+-----+----------+

training model
+----------+-----+
|prediction|label|
+----------+-----+
|1.0       |1    |
|0.0       |1    |
|1.0       |1    |
|1.0       |1    |
|1.0       |0    |
|1.0       |0    |
|0.0       |0    |
|1.0       |0    |
|1.0       |0    |
|1.0       |0    |
|1.0       |0    |
|0.0       |0    |
+----------+-----+

Training set accuracy = 0.4166666666666667
+--------------------+--------------------+-----+----------+
|               image|         probability|label|prediction|
+--------------------+--------------------+-----+----------+
|[file:/home/ourui...|[0.32880549178738...|    1|       1.0|
|[file:/home/ourui...|[0.78132199329658...|    1|       0.0|
|[file:/home/ourui...|[0.07656944554829...|    1|       1.0|
|[file:/home/ourui...|[0.26381737297978...|    1|       1.0|
|[file:/home/ourui...|[0.47093869818942...|    0|       1.0|
|[file:/home/ourui...|[0.27900305601661...|    0|       1.0|
|[file:/home/ourui...|[0.99216585795832...|    0|       0.0|
|[file:/home/ourui...|[0.03729492925093...|    0|       1.0|
|[file:/home/ourui...|[0.12405555382061...|    0|       1.0|
|[file:/home/ourui...|[0.30663394796256...|    0|       1.0|
|[file:/home/ourui...|[0.32094307533940...|    0|       1.0|
|[file:/home/ourui...|[0.71745460968311...|    0|       0.0|
+--------------------+--------------------+-----+----------+

training model
+----------+-----+
|prediction|label|
+----------+-----+
|0.0       |1    |
|1.0       |1    |
|0.0       |1    |
|1.0       |1    |
|1.0       |1    |
|1.0       |1    |
|1.0       |1    |
|1.0       |1    |
|1.0       |0    |
|0.0       |0    |
|0.0       |0    |
|0.0       |0    |
|0.0       |0    |
|0.0       |0    |
+----------+-----+

Training set accuracy = 0.7857142857142857
+--------------------+--------------------+-----+----------+
|               image|         probability|label|prediction|
+--------------------+--------------------+-----+----------+
|[file:/home/ourui...|[0.66777538150116...|    1|       0.0|
|[file:/home/ourui...|[0.28121075600733...|    1|       1.0|
|[file:/home/ourui...|[0.56704184013173...|    1|       0.0|
|[file:/home/ourui...|[0.17915242122228...|    1|       1.0|
|[file:/home/ourui...|[0.45581723358423...|    1|       1.0|
|[file:/home/ourui...|[0.38638195143813...|    1|       1.0|
|[file:/home/ourui...|[0.41096437956690...|    1|       1.0|
|[file:/home/ourui...|[0.45552090456023...|    1|       1.0|
|[file:/home/ourui...|[0.41081519513078...|    0|       1.0|
|[file:/home/ourui...|[0.71704751886610...|    0|       0.0|
|[file:/home/ourui...|[0.53578818204407...|    0|       0.0|
|[file:/home/ourui...|[0.81670302459824...|    0|       0.0|
|[file:/home/ourui...|[0.61293611289070...|    0|       0.0|
|[file:/home/ourui...|[0.78931400037733...|    0|       0.0|
+--------------------+--------------------+-----+----------+

training model
+----------+-----+
|prediction|label|
+----------+-----+
|1.0       |1    |
|1.0       |1    |
|1.0       |1    |
|0.0       |1    |
|0.0       |1    |
|0.0       |1    |
|0.0       |1    |
|0.0       |0    |
|1.0       |0    |
|0.0       |0    |
|0.0       |0    |
+----------+-----+

Training set accuracy = 0.5454545454545454
+--------------------+--------------------+-----+----------+
|               image|         probability|label|prediction|
+--------------------+--------------------+-----+----------+
|[file:/home/ourui...|[0.34839084643515...|    1|       1.0|
|[file:/home/ourui...|[0.27418390288080...|    1|       1.0|
|[file:/home/ourui...|[0.36006603281033...|    1|       1.0|
|[file:/home/ourui...|[0.51450238243185...|    1|       0.0|
|[file:/home/ourui...|[0.69859497329095...|    1|       0.0|
|[file:/home/ourui...|[0.59871442195538...|    1|       0.0|
|[file:/home/ourui...|[0.69059538157064...|    1|       0.0|
|[file:/home/ourui...|[0.59015649873225...|    0|       0.0|
|[file:/home/ourui...|[0.47269670408520...|    0|       1.0|
|[file:/home/ourui...|[0.81118982702984...|    0|       0.0|
|[file:/home/ourui...|[0.69586659843353...|    0|       0.0|
+--------------------+--------------------+-----+----------+

training model
+----------+-----+
|prediction|label|
+----------+-----+
|1.0       |1    |
|0.0       |1    |
|1.0       |1    |
|1.0       |1    |
|1.0       |1    |
|0.0       |1    |
|1.0       |1    |
|0.0       |0    |
|1.0       |0    |
|0.0       |0    |
|1.0       |0    |
|1.0       |0    |
|1.0       |0    |
|1.0       |0    |
+----------+-----+

Training set accuracy = 0.5
+--------------------+--------------------+-----+----------+
|               image|         probability|label|prediction|
+--------------------+--------------------+-----+----------+
|[file:/home/ourui...|[0.35039228006300...|    1|       1.0|
|[file:/home/ourui...|[0.59401336581664...|    1|       0.0|
|[file:/home/ourui...|[0.40176997348444...|    1|       1.0|
|[file:/home/ourui...|[0.46184789557302...|    1|       1.0|
|[file:/home/ourui...|[0.45654506236694...|    1|       1.0|
|[file:/home/ourui...|[0.50555802066204...|    1|       0.0|
|[file:/home/ourui...|[0.43539261630942...|    1|       1.0|
|[file:/home/ourui...|[0.56692528850679...|    0|       0.0|
|[file:/home/ourui...|[0.49418012078681...|    0|       1.0|
|[file:/home/ourui...|[0.62374682667895...|    0|       0.0|
|[file:/home/ourui...|[0.45137086688440...|    0|       1.0|
|[file:/home/ourui...|[0.43105996466563...|    0|       1.0|
|[file:/home/ourui...|[0.43925366290917...|    0|       1.0|
|[file:/home/ourui...|[0.44047500427834...|    0|       1.0|
+--------------------+--------------------+-----+----------+

training model
+----------+-----+
|prediction|label|
+----------+-----+
|1.0       |1    |
|1.0       |1    |
|1.0       |1    |
|1.0       |1    |
|1.0       |0    |
|1.0       |0    |
|1.0       |0    |
|1.0       |0    |
|1.0       |0    |
|1.0       |0    |
|1.0       |0    |
+----------+-----+

Training set accuracy = 0.36363636363636365
+--------------------+--------------------+-----+----------+
|               image|         probability|label|prediction|
+--------------------+--------------------+-----+----------+
|[file:/home/ourui...|[0.4,0.6000000000...|    1|       1.0|
|[file:/home/ourui...|[0.4,0.6000000000...|    1|       1.0|
|[file:/home/ourui...|[0.4,0.6000000000...|    1|       1.0|
|[file:/home/ourui...|[0.4,0.6000000000...|    1|       1.0|
|[file:/home/ourui...|[0.4,0.6000000000...|    0|       1.0|
|[file:/home/ourui...|[0.4,0.6000000000...|    0|       1.0|
|[file:/home/ourui...|[0.4,0.6000000000...|    0|       1.0|
|[file:/home/ourui...|[0.4,0.6000000000...|    0|       1.0|
|[file:/home/ourui...|[0.4,0.6000000000...|    0|       1.0|
|[file:/home/ourui...|[0.4,0.6000000000...|    0|       1.0|
|[file:/home/ourui...|[0.4,0.6000000000...|    0|       1.0|
+--------------------+--------------------+-----+----------+

training model
+----------+-----+
|prediction|label|
+----------+-----+
|1.0       |1    |
|1.0       |1    |
|0.0       |1    |
|1.0       |1    |
|1.0       |1    |
|0.0       |1    |
|0.0       |0    |
|0.0       |0    |
|0.0       |0    |
|0.0       |0    |
|0.0       |0    |
|0.0       |0    |
|0.0       |0    |
|0.0       |0    |
+----------+-----+

Training set accuracy = 0.8571428571428571
+--------------------+--------------------+-----+----------+
|               image|         probability|label|prediction|
+--------------------+--------------------+-----+----------+
|[file:/home/ourui...|[0.09903400346180...|    1|       1.0|
|[file:/home/ourui...|[0.01938334855469...|    1|       1.0|
|[file:/home/ourui...|[0.64410005007108...|    1|       0.0|
|[file:/home/ourui...|[0.02627102541684...|    1|       1.0|
|[file:/home/ourui...|[0.28452520843722...|    1|       1.0|
|[file:/home/ourui...|[0.76336302080922...|    1|       0.0|
|[file:/home/ourui...|[0.89966095008198...|    0|       0.0|
|[file:/home/ourui...|[0.90515172255266...|    0|       0.0|
|[file:/home/ourui...|[0.83565970518790...|    0|       0.0|
|[file:/home/ourui...|[0.83601725153858...|    0|       0.0|
|[file:/home/ourui...|[0.98411702018808...|    0|       0.0|
|[file:/home/ourui...|[0.78467840944627...|    0|       0.0|
|[file:/home/ourui...|[0.83938054396334...|    0|       0.0|
|[file:/home/ourui...|[0.95463341019894...|    0|       0.0|
+--------------------+--------------------+-----+----------+

training model
+----------+-----+
|prediction|label|
+----------+-----+
|1.0       |1    |
|1.0       |1    |
|1.0       |1    |
|1.0       |1    |
|1.0       |1    |
|0.0       |0    |
|1.0       |0    |
|1.0       |0    |
|1.0       |0    |
|0.0       |0    |
|1.0       |0    |
|1.0       |0    |
|0.0       |0    |
|0.0       |0    |
|1.0       |0    |
+----------+-----+

Training set accuracy = 0.6
+--------------------+--------------------+-----+----------+
|               image|         probability|label|prediction|
+--------------------+--------------------+-----+----------+
|[file:/home/ourui...|[0.33226599399081...|    1|       1.0|
|[file:/home/ourui...|[0.01040985663001...|    1|       1.0|
|[file:/home/ourui...|[0.13414227248613...|    1|       1.0|
|[file:/home/ourui...|[0.01962971506761...|    1|       1.0|
|[file:/home/ourui...|[0.19644998196653...|    1|       1.0|
|[file:/home/ourui...|[0.67558943787705...|    0|       0.0|
|[file:/home/ourui...|[0.03446959424193...|    0|       1.0|
|[file:/home/ourui...|[0.23890443133081...|    0|       1.0|
|[file:/home/ourui...|[0.05898338497504...|    0|       1.0|
|[file:/home/ourui...|[0.86547522808752...|    0|       0.0|
|[file:/home/ourui...|[0.07152333497717...|    0|       1.0|
|[file:/home/ourui...|[0.16412167793921...|    0|       1.0|
|[file:/home/ourui...|[0.99114768096044...|    0|       0.0|
|[file:/home/ourui...|[0.97026674332884...|    0|       0.0|
|[file:/home/ourui...|[0.24792896258349...|    0|       1.0|
+--------------------+--------------------+-----+----------+

training model
+----------+-----+
|prediction|label|
+----------+-----+
|1.0       |1    |
|1.0       |1    |
|1.0       |1    |
|1.0       |1    |
|1.0       |1    |
|0.0       |1    |
|1.0       |0    |
|1.0       |0    |
|1.0       |0    |
|0.0       |0    |
|1.0       |0    |
+----------+-----+

Training set accuracy = 0.5454545454545454
+--------------------+--------------------+-----+----------+
|               image|         probability|label|prediction|
+--------------------+--------------------+-----+----------+
|[file:/home/ourui...|[0.00751012756311...|    1|       1.0|
|[file:/home/ourui...|[0.31096396204288...|    1|       1.0|
|[file:/home/ourui...|[0.19861365708567...|    1|       1.0|
|[file:/home/ourui...|[0.41961079475633...|    1|       1.0|
|[file:/home/ourui...|[0.45860986592707...|    1|       1.0|
|[file:/home/ourui...|[0.51648386628500...|    1|       0.0|
|[file:/home/ourui...|[0.20219237111361...|    0|       1.0|
|[file:/home/ourui...|[0.01513995561985...|    0|       1.0|
|[file:/home/ourui...|[0.05244830255403...|    0|       1.0|
|[file:/home/ourui...|[0.56613786490316...|    0|       0.0|
|[file:/home/ourui...|[0.22914705955726...|    0|       1.0|
+--------------------+--------------------+-----+----------+

training model
+----------+-----+
|prediction|label|
+----------+-----+
|0.0       |1    |
|1.0       |1    |
|1.0       |1    |
|0.0       |1    |
|0.0       |1    |
|0.0       |1    |
|0.0       |1    |
|0.0       |0    |
|0.0       |0    |
+----------+-----+

Training set accuracy = 0.4444444444444444
+--------------------+--------------------+-----+----------+
|               image|         probability|label|prediction|
+--------------------+--------------------+-----+----------+
|[file:/home/ourui...|[0.92360575278270...|    1|       0.0|
|[file:/home/ourui...|[0.42696490287591...|    1|       1.0|
|[file:/home/ourui...|[0.27016330257579...|    1|       1.0|
|[file:/home/ourui...|[0.98144319345797...|    1|       0.0|
|[file:/home/ourui...|[0.98202918682882...|    1|       0.0|
|[file:/home/ourui...|[0.9408514768106,...|    1|       0.0|
|[file:/home/ourui...|[0.93570089371579...|    1|       0.0|
|[file:/home/ourui...|[0.99008271335079...|    0|       0.0|
|[file:/home/ourui...|[0.99729297792197...|    0|       0.0|
+--------------------+--------------------+-----+----------+

training model
+----------+-----+
|prediction|label|
+----------+-----+
|1.0       |1    |
|1.0       |1    |
|0.0       |1    |
|0.0       |0    |
|0.0       |0    |
|0.0       |0    |
+----------+-----+

Training set accuracy = 0.8333333333333334
+--------------------+--------------------+-----+----------+
|               image|         probability|label|prediction|
+--------------------+--------------------+-----+----------+
|[file:/home/ourui...|[0.15414288034018...|    1|       1.0|
|[file:/home/ourui...|[0.45413946986470...|    1|       1.0|
|[file:/home/ourui...|[0.76756176294561...|    1|       0.0|
|[file:/home/ourui...|[0.91316864094357...|    0|       0.0|
|[file:/home/ourui...|[0.83717076498453...|    0|       0.0|
|[file:/home/ourui...|[0.98279655697834...|    0|       0.0|
+--------------------+--------------------+-----+----------+

training model
+----------+-----+
|prediction|label|
+----------+-----+
|1.0       |1    |
|1.0       |1    |
|0.0       |1    |
|1.0       |1    |
|1.0       |1    |
|1.0       |1    |
|1.0       |1    |
|0.0       |1    |
|0.0       |0    |
|0.0       |0    |
+----------+-----+

Training set accuracy = 0.8
+--------------------+--------------------+-----+----------+
|               image|         probability|label|prediction|
+--------------------+--------------------+-----+----------+
|[file:/home/ourui...|[0.17533971939341...|    1|       1.0|
|[file:/home/ourui...|[0.13558236680850...|    1|       1.0|
|[file:/home/ourui...|[0.74608032961494...|    1|       0.0|
|[file:/home/ourui...|[0.04401356313477...|    1|       1.0|
|[file:/home/ourui...|[0.36138180926981...|    1|       1.0|
|[file:/home/ourui...|[0.34279531600909...|    1|       1.0|
|[file:/home/ourui...|[0.41143167790383...|    1|       1.0|
|[file:/home/ourui...|[0.67078818819485...|    1|       0.0|
|[file:/home/ourui...|[0.87004725444073...|    0|       0.0|
|[file:/home/ourui...|[0.90124862724193...|    0|       0.0|
+--------------------+--------------------+-----+----------+

training model
+----------+-----+
|prediction|label|
+----------+-----+
|1.0       |1    |
|1.0       |1    |
|1.0       |1    |
|0.0       |1    |
|1.0       |1    |
|0.0       |1    |
|0.0       |1    |
|0.0       |1    |
|1.0       |1    |
|0.0       |1    |
|0.0       |0    |
|0.0       |0    |
|0.0       |0    |
|1.0       |0    |
|0.0       |0    |
|0.0       |0    |
+----------+-----+

Training set accuracy = 0.625
+--------------------+--------------------+-----+----------+
|               image|         probability|label|prediction|
+--------------------+--------------------+-----+----------+
|[file:/home/ourui...|[0.01228872459635...|    1|       1.0|
|[file:/home/ourui...|[0.00368117243020...|    1|       1.0|
|[file:/home/ourui...|[0.34106390237559...|    1|       1.0|
|[file:/home/ourui...|[0.75846885101564...|    1|       0.0|
|[file:/home/ourui...|[0.05893218186241...|    1|       1.0|
|[file:/home/ourui...|[0.87373214775227...|    1|       0.0|
|[file:/home/ourui...|[0.73453197934923...|    1|       0.0|
|[file:/home/ourui...|[0.62742840231794...|    1|       0.0|
|[file:/home/ourui...|[0.23159876288110...|    1|       1.0|
|[file:/home/ourui...|[0.76730724911131...|    1|       0.0|
|[file:/home/ourui...|[0.92378090962396...|    0|       0.0|
|[file:/home/ourui...|[0.74289547369671...|    0|       0.0|
|[file:/home/ourui...|[0.60504951227137...|    0|       0.0|
|[file:/home/ourui...|[0.49563906616645...|    0|       1.0|
|[file:/home/ourui...|[0.78534533243533...|    0|       0.0|
|[file:/home/ourui...|[0.86690608510234...|    0|       0.0|
+--------------------+--------------------+-----+----------+

training model
+----------+-----+
|prediction|label|
+----------+-----+
|1.0       |1    |
|0.0       |1    |
|1.0       |1    |
|1.0       |1    |
|1.0       |1    |
|1.0       |1    |
|0.0       |0    |
|1.0       |0    |
|0.0       |0    |
|0.0       |0    |
|0.0       |0    |
|0.0       |0    |
+----------+-----+

Training set accuracy = 0.8333333333333334
+--------------------+--------------------+-----+----------+
|               image|         probability|label|prediction|
+--------------------+--------------------+-----+----------+
|[file:/home/ourui...|[0.42155931197860...|    1|       1.0|
|[file:/home/ourui...|[0.94954366167035...|    1|       0.0|
|[file:/home/ourui...|[0.34795804538978...|    1|       1.0|
|[file:/home/ourui...|[0.11268986739902...|    1|       1.0|
|[file:/home/ourui...|[0.43663572708533...|    1|       1.0|
|[file:/home/ourui...|[0.26970184069978...|    1|       1.0|
|[file:/home/ourui...|[0.92603475595053...|    0|       0.0|
|[file:/home/ourui...|[0.24031179278121...|    0|       1.0|
|[file:/home/ourui...|[0.62190614469052...|    0|       0.0|
|[file:/home/ourui...|[0.99267065827801...|    0|       0.0|
|[file:/home/ourui...|[0.99480064035888...|    0|       0.0|
|[file:/home/ourui...|[0.98352039625794...|    0|       0.0|
+--------------------+--------------------+-----+----------+

training model
+----------+-----+
|prediction|label|
+----------+-----+
|0.0       |1    |
|1.0       |1    |
|0.0       |1    |
|0.0       |1    |
|1.0       |1    |
|1.0       |1    |
|1.0       |1    |
|0.0       |0    |
|0.0       |0    |
|1.0       |0    |
|0.0       |0    |
|0.0       |0    |
+----------+-----+

Training set accuracy = 0.6666666666666666
+--------------------+--------------------+-----+----------+
|               image|         probability|label|prediction|
+--------------------+--------------------+-----+----------+
|[file:/home/ourui...|[0.60545314792209...|    1|       0.0|
|[file:/home/ourui...|[0.15334578412352...|    1|       1.0|
|[file:/home/ourui...|[0.81044119323296...|    1|       0.0|
|[file:/home/ourui...|[0.53041864215071...|    1|       0.0|
|[file:/home/ourui...|[0.21214965157931...|    1|       1.0|
|[file:/home/ourui...|[0.38268117713528...|    1|       1.0|
|[file:/home/ourui...|[0.42461683788651...|    1|       1.0|
|[file:/home/ourui...|[0.64146148842139...|    0|       0.0|
|[file:/home/ourui...|[0.91753885536935...|    0|       0.0|
|[file:/home/ourui...|[0.27149616943394...|    0|       1.0|
|[file:/home/ourui...|[0.57984471157077...|    0|       0.0|
|[file:/home/ourui...|[0.50623840482715...|    0|       0.0|
+--------------------+--------------------+-----+----------+

training model
+----------+-----+
|prediction|label|
+----------+-----+
|1.0       |1    |
|1.0       |1    |
|1.0       |1    |
|1.0       |1    |
|1.0       |0    |
|0.0       |0    |
|0.0       |0    |
|1.0       |0    |
|1.0       |0    |
|1.0       |0    |
|1.0       |0    |
|0.0       |0    |
|0.0       |0    |
+----------+-----+

Training set accuracy = 0.6153846153846154
+--------------------+--------------------+-----+----------+
|               image|         probability|label|prediction|
+--------------------+--------------------+-----+----------+
|[file:/home/ourui...|[0.29465217651815...|    1|       1.0|
|[file:/home/ourui...|[0.23032491544162...|    1|       1.0|
|[file:/home/ourui...|[0.32120121064211...|    1|       1.0|
|[file:/home/ourui...|[0.29188906656835...|    1|       1.0|
|[file:/home/ourui...|[0.37943193217279...|    0|       1.0|
|[file:/home/ourui...|[0.73180515343859...|    0|       0.0|
|[file:/home/ourui...|[0.68957588453571...|    0|       0.0|
|[file:/home/ourui...|[0.33455776718692...|    0|       1.0|
|[file:/home/ourui...|[0.43842734820388...|    0|       1.0|
|[file:/home/ourui...|[0.37689468614985...|    0|       1.0|
|[file:/home/ourui...|[0.33678224456164...|    0|       1.0|
|[file:/home/ourui...|[0.51463242141583...|    0|       0.0|
|[file:/home/ourui...|[0.57175610402903...|    0|       0.0|
+--------------------+--------------------+-----+----------+

training model
+----------+-----+
|prediction|label|
+----------+-----+
|0.0       |1    |
|0.0       |1    |
|0.0       |1    |
|0.0       |1    |
|0.0       |1    |
|1.0       |1    |
|0.0       |1    |
|0.0       |0    |
|0.0       |0    |
|0.0       |0    |
|0.0       |0    |
+----------+-----+

Training set accuracy = 0.45454545454545453
+--------------------+--------------------+-----+----------+
|               image|         probability|label|prediction|
+--------------------+--------------------+-----+----------+
|[file:/home/ourui...|[0.51184705845678...|    1|       0.0|
|[file:/home/ourui...|[0.51087279187789...|    1|       0.0|
|[file:/home/ourui...|[0.60284743614840...|    1|       0.0|
|[file:/home/ourui...|[0.52472347077179...|    1|       0.0|
|[file:/home/ourui...|[0.54585532466840...|    1|       0.0|
|[file:/home/ourui...|[0.49358545956826...|    1|       1.0|
|[file:/home/ourui...|[0.51631726793927...|    1|       0.0|
|[file:/home/ourui...|[0.62441397738303...|    0|       0.0|
|[file:/home/ourui...|[0.77076317167385...|    0|       0.0|
|[file:/home/ourui...|[0.69977099240933...|    0|       0.0|
|[file:/home/ourui...|[0.55537523664637...|    0|       0.0|
+--------------------+--------------------+-----+----------+

training model
+----------+-----+
|prediction|label|
+----------+-----+
|0.0       |1    |
|0.0       |1    |
|0.0       |1    |
|0.0       |1    |
|0.0       |1    |
|0.0       |1    |
|0.0       |1    |
|0.0       |1    |
|0.0       |1    |
|0.0       |1    |
|0.0       |1    |
|0.0       |1    |
|0.0       |0    |
|0.0       |0    |
|0.0       |0    |
|0.0       |0    |
+----------+-----+

Training set accuracy = 0.25
+--------------------+--------------------+-----+----------+
|               image|         probability|label|prediction|
+--------------------+--------------------+-----+----------+
|[file:/home/ourui...|[0.74039172918548...|    1|       0.0|
|[file:/home/ourui...|[0.72383959848139...|    1|       0.0|
|[file:/home/ourui...|[0.74039102003480...|    1|       0.0|
|[file:/home/ourui...|[0.73038875086900...|    1|       0.0|
|[file:/home/ourui...|[0.73542422242808...|    1|       0.0|
|[file:/home/ourui...|[0.74039172918548...|    1|       0.0|
|[file:/home/ourui...|[0.72168451874530...|    1|       0.0|
|[file:/home/ourui...|[0.74039172918548...|    1|       0.0|
|[file:/home/ourui...|[0.74039172918548...|    1|       0.0|
|[file:/home/ourui...|[0.73182550172318...|    1|       0.0|
|[file:/home/ourui...|[0.74039172918548...|    1|       0.0|
|[file:/home/ourui...|[0.73477653671940...|    1|       0.0|
|[file:/home/ourui...|[0.69948919806971...|    0|       0.0|
|[file:/home/ourui...|[0.74039172918548...|    0|       0.0|
|[file:/home/ourui...|[0.74039172918548...|    0|       0.0|
|[file:/home/ourui...|[0.74039172918548...|    0|       0.0|
+--------------------+--------------------+-----+----------+

